2020-10-27 23:06:13.903 [restartedMain] INFO  com.my.binance.SpringBootAppStarter - No active profile set, falling back to default profiles: default
2020-10-27 23:06:15.311 [restartedMain] INFO  o.s.d.r.c.RepositoryConfigurationDelegate - Bootstrapping Spring Data JPA repositories in DEFERRED mode.
2020-10-27 23:06:15.390 [restartedMain] INFO  o.s.d.r.c.RepositoryConfigurationDelegate - Finished Spring Data repository scanning in 72ms. Found 2 JPA repository interfaces.
2020-10-27 23:06:15.691 [restartedMain] INFO  o.s.cloud.context.scope.GenericScope - BeanFactory id=b2ed3ab3-2fc9-3c6d-a4ab-e8f8cb3ebdd6
2020-10-27 23:06:15.836 [restartedMain] INFO  o.s.c.s.PostProcessorRegistrationDelegate$BeanPostProcessorChecker - Bean 'org.springframework.security.access.expression.method.DefaultMethodSecurityExpressionHandler@226eda25' of type [org.springframework.security.access.expression.method.DefaultMethodSecurityExpressionHandler] is not eligible for getting processed by all BeanPostProcessors (for example: not eligible for auto-proxying)
2020-10-27 23:06:15.844 [restartedMain] INFO  o.s.c.s.PostProcessorRegistrationDelegate$BeanPostProcessorChecker - Bean 'methodSecurityMetadataSource' of type [org.springframework.security.access.method.DelegatingMethodSecurityMetadataSource] is not eligible for getting processed by all BeanPostProcessors (for example: not eligible for auto-proxying)
2020-10-27 23:06:16.406 [restartedMain] INFO  o.s.b.w.e.tomcat.TomcatWebServer - Tomcat initialized with port(s): 9034 (http)
2020-10-27 23:06:16.416 [restartedMain] INFO  o.a.catalina.core.StandardService - Starting service [Tomcat]
2020-10-27 23:06:16.416 [restartedMain] INFO  o.a.catalina.core.StandardEngine - Starting Servlet engine: [Apache Tomcat/9.0.38]
2020-10-27 23:06:16.891 [restartedMain] INFO  org.apache.jasper.servlet.TldScanner - At least one JAR was scanned for TLDs yet contained no TLDs. Enable debug logging for this logger for a complete list of JARs that were scanned but no TLDs were found in them. Skipping unneeded JARs during scanning can improve startup time and JSP compilation time.
2020-10-27 23:06:16.898 [restartedMain] INFO  o.a.c.c.C.[Tomcat].[localhost].[/] - Initializing Spring embedded WebApplicationContext
2020-10-27 23:06:16.898 [restartedMain] INFO  o.s.b.w.s.c.ServletWebServerApplicationContext - Root WebApplicationContext: initialization completed in 2969 ms
2020-10-27 23:06:17.212 [restartedMain] INFO  com.zaxxer.hikari.HikariDataSource - HikariPool-1 - Starting...
2020-10-27 23:06:17.519 [restartedMain] INFO  com.zaxxer.hikari.HikariDataSource - HikariPool-1 - Start completed.
2020-10-27 23:06:17.554 [restartedMain] INFO  o.s.b.a.h.H2ConsoleAutoConfiguration - H2 console available at '/admin/h2-console'. Database available at 'jdbc:h2:file:./db/binancedb'
2020-10-27 23:06:17.916 [restartedMain] INFO  o.s.b.a.s.s.UserDetailsServiceAutoConfiguration - 

Using generated security password: e89d2210-0e43-4cb6-8678-728d41e9b545

2020-10-27 23:06:18.043 [restartedMain] INFO  c.m.b.SprinBootAppConfiguration - @@@ USERINFO: admin:[ADMIN]
2020-10-27 23:06:18.161 [restartedMain] INFO  c.m.b.SprinBootAppConfiguration - @@@ USERINFO: admin1:[ADMIN]
2020-10-27 23:06:18.273 [restartedMain] INFO  c.m.b.SprinBootAppConfiguration - @@@ USERINFO: rest:[RESTUSER]
2020-10-27 23:06:18.390 [restartedMain] INFO  c.m.b.SprinBootAppConfiguration - @@@ USERINFO: rest1:[RESTUSER]
2020-10-27 23:06:18.491 [restartedMain] INFO  c.m.b.SprinBootAppConfiguration - @@@ USERINFO: webuser:[WEBUSER]
2020-10-27 23:06:18.598 [restartedMain] INFO  c.m.b.SprinBootAppConfiguration - @@@ USERINFO: webuser1:[WEBUSER]
2020-10-27 23:06:18.715 [restartedMain] INFO  c.m.b.SprinBootAppConfiguration - @@@ SecurityConfiguration class init completed: 0
2020-10-27 23:06:18.850 [restartedMain] INFO  o.s.b.d.a.OptionalLiveReloadServer - LiveReload server is running on port 35729
2020-10-27 23:06:18.987 [restartedMain] INFO  o.s.s.c.ThreadPoolTaskExecutor - Initializing ExecutorService 'applicationTaskExecutor'
2020-10-27 23:06:19.017 [restartedMain] INFO  o.s.s.c.ThreadPoolTaskScheduler - Initializing ExecutorService 'taskScheduler'
2020-10-27 23:06:19.087 [task-1] INFO  o.h.jpa.internal.util.LogHelper - HHH000204: Processing PersistenceUnitInfo [name: default]
2020-10-27 23:06:19.160 [task-1] INFO  org.hibernate.Version - HHH000412: Hibernate ORM core version 5.4.21.Final
2020-10-27 23:06:19.194 [restartedMain] WARN  o.s.b.a.o.j.JpaBaseConfiguration$JpaWebConfiguration - spring.jpa.open-in-view is enabled by default. Therefore, database queries may be performed during view rendering. Explicitly configure spring.jpa.open-in-view to disable this warning
2020-10-27 23:06:19.336 [task-1] INFO  o.h.annotations.common.Version - HCANN000001: Hibernate Commons Annotations {5.1.0.Final}
2020-10-27 23:06:19.483 [task-1] INFO  org.hibernate.dialect.Dialect - HHH000400: Using dialect: org.hibernate.dialect.H2Dialect
2020-10-27 23:06:20.051 [task-1] INFO  o.h.e.t.j.p.i.JtaPlatformInitiator - HHH000490: Using JtaPlatform implementation: [org.hibernate.engine.transaction.jta.platform.internal.NoJtaPlatform]
2020-10-27 23:06:20.062 [task-1] INFO  o.s.o.j.LocalContainerEntityManagerFactoryBean - Initialized JPA EntityManagerFactory for persistence unit 'default'
2020-10-27 23:06:20.596 [restartedMain] INFO  c.m.b.SprinBootAppConfiguration - @@@ abas.edp.password		= *****
2020-10-27 23:06:20.597 [restartedMain] INFO  c.m.b.SprinBootAppConfiguration - @@@ abas.edp.port			= 6550
2020-10-27 23:06:20.597 [restartedMain] INFO  c.m.b.SprinBootAppConfiguration - @@@ abas.edp.sessiontimeout			= 5000
2020-10-27 23:06:20.597 [restartedMain] INFO  c.m.b.SprinBootAppConfiguration - @@@ abas.edp.serverip		= 10.0.0.100
2020-10-27 23:06:20.597 [restartedMain] INFO  c.m.b.SprinBootAppConfiguration - @@@ abas.edp.fopmode			= false
2020-10-27 23:06:20.597 [restartedMain] INFO  c.m.b.SprinBootAppConfiguration - @@@ abas.edp.fl			= true
2020-10-27 23:06:20.597 [restartedMain] INFO  c.m.b.SprinBootAppConfiguration - @@@ abas.s3.dir			= /u/abas/s3
2020-10-27 23:06:20.597 [restartedMain] INFO  c.m.b.SprinBootAppConfiguration - @@@ abas.s3.basedir			= /u/abas
2020-10-27 23:06:20.597 [restartedMain] INFO  c.m.b.SprinBootAppConfiguration - @@@ abas.s3.mandant			= gelistirme
2020-10-27 23:06:20.597 [restartedMain] INFO  c.m.b.SprinBootAppConfiguration - @@@ spring.mvc.locale		= tr_TR
2020-10-27 23:06:20.597 [restartedMain] INFO  c.m.b.SprinBootAppConfiguration - @@@ server.port			= 9034
2020-10-27 23:06:20.598 [restartedMain] INFO  c.m.b.SprinBootAppConfiguration - @@@ server.connection-timeout	= 30m
2020-10-27 23:06:20.598 [restartedMain] INFO  c.m.b.SprinBootAppConfiguration - @@@ server.token.expirationtime	= 43200000
2020-10-27 23:06:20.598 [restartedMain] INFO  c.m.b.SprinBootAppConfiguration - @@@ server.token.headerstring	= Authorization
2020-10-27 23:06:20.598 [restartedMain] INFO  c.m.b.SprinBootAppConfiguration - @@@ server.token.secret	= AbasTalent
2020-10-27 23:06:20.598 [restartedMain] INFO  c.m.b.SprinBootAppConfiguration - @@@ server.token.prefix	= Bearer 
2020-10-27 23:06:20.598 [restartedMain] INFO  c.m.b.SprinBootAppConfiguration - @@@ server.servlet.session.timeout	= 30m
2020-10-27 23:06:20.741 [restartedMain] WARN  o.s.d.r.webmvc.halbrowser.HalBrowser - ---
2020-10-27 23:06:20.741 [restartedMain] WARN  o.s.d.r.webmvc.halbrowser.HalBrowser - Spring Data REST HAL Browser is deprecated! Prefer the HAL Explorer (artifactId: spring-data-rest-hal-explorer)!
2020-10-27 23:06:20.741 [restartedMain] WARN  o.s.d.r.webmvc.halbrowser.HalBrowser - ---
2020-10-27 23:06:20.966 [restartedMain] INFO  o.s.s.web.DefaultSecurityFilterChain - Creating filter chain: Ant [pattern='/rest/**'], [org.springframework.security.web.context.request.async.WebAsyncManagerIntegrationFilter@5420fb98, org.springframework.security.web.context.SecurityContextPersistenceFilter@705d8673, org.springframework.security.web.header.HeaderWriterFilter@32b59970, org.springframework.security.web.authentication.logout.LogoutFilter@3e3c5aa6, com.my.binance.security.JWTAuthenticationFilter@68f03d99, com.my.binance.security.JWTAuthorizationFilter@6db7cf1, org.springframework.security.web.authentication.www.BasicAuthenticationFilter@592da413, org.springframework.security.web.savedrequest.RequestCacheAwareFilter@42730105, org.springframework.security.web.servletapi.SecurityContextHolderAwareRequestFilter@6afb65c9, org.springframework.security.web.authentication.AnonymousAuthenticationFilter@5e7c4730, org.springframework.security.web.session.SessionManagementFilter@7395104f, org.springframework.security.web.access.ExceptionTranslationFilter@1a9e10d1, org.springframework.security.web.access.intercept.FilterSecurityInterceptor@8d5439f]
2020-10-27 23:06:20.971 [restartedMain] INFO  o.s.s.web.DefaultSecurityFilterChain - Creating filter chain: Ant [pattern='/admin/h2-console/*'], [org.springframework.security.web.context.request.async.WebAsyncManagerIntegrationFilter@543d4aaf, org.springframework.security.web.context.SecurityContextPersistenceFilter@765e10f4, org.springframework.security.web.header.HeaderWriterFilter@15dc0519, org.springframework.security.web.authentication.logout.LogoutFilter@421605a7, org.springframework.security.web.savedrequest.RequestCacheAwareFilter@7a8c95c9, org.springframework.security.web.servletapi.SecurityContextHolderAwareRequestFilter@f8db34c, org.springframework.security.web.authentication.AnonymousAuthenticationFilter@48aeb8ef, org.springframework.security.web.session.SessionManagementFilter@7247291e, org.springframework.security.web.access.ExceptionTranslationFilter@1233ddb3, org.springframework.security.web.access.intercept.FilterSecurityInterceptor@3544dfaa]
2020-10-27 23:06:21.008 [restartedMain] INFO  o.s.s.web.DefaultSecurityFilterChain - Creating filter chain: Ant [pattern='/**'], [org.springframework.security.web.context.request.async.WebAsyncManagerIntegrationFilter@26638a24, org.springframework.security.web.context.SecurityContextPersistenceFilter@f19f04e, org.springframework.security.web.header.HeaderWriterFilter@5fbcad19, org.springframework.web.filter.CharacterEncodingFilter@43f4c6ba, org.springframework.security.web.authentication.logout.LogoutFilter@388eb64a, org.springframework.security.web.authentication.UsernamePasswordAuthenticationFilter@7515d914, org.springframework.security.web.session.ConcurrentSessionFilter@1cf7ba1e, org.springframework.security.web.savedrequest.RequestCacheAwareFilter@6a115b62, org.springframework.security.web.servletapi.SecurityContextHolderAwareRequestFilter@44f7e100, org.springframework.security.web.authentication.rememberme.RememberMeAuthenticationFilter@7957a064, org.springframework.security.web.authentication.AnonymousAuthenticationFilter@2a1f2255, org.springframework.security.web.session.SessionManagementFilter@7d68fe19, org.springframework.security.web.access.ExceptionTranslationFilter@4329f8ab, org.springframework.security.web.access.intercept.FilterSecurityInterceptor@7f44d92f]
2020-10-27 23:06:21.283 [restartedMain] WARN  o.t.templatemode.TemplateMode - [THYMELEAF][restartedMain] Template Mode 'HTML5' is deprecated. Using Template Mode 'HTML' instead.
2020-10-27 23:06:22.488 [RMI TCP Connection(2)-127.0.0.1] INFO  o.a.c.c.C.[Tomcat].[localhost].[/] - Initializing Spring DispatcherServlet 'dispatcherServlet'
2020-10-27 23:06:22.488 [RMI TCP Connection(2)-127.0.0.1] INFO  o.s.web.servlet.DispatcherServlet - Initializing Servlet 'dispatcherServlet'
2020-10-27 23:06:22.502 [RMI TCP Connection(2)-127.0.0.1] INFO  o.s.b.a.e.web.EndpointLinksResolver - Exposing 20 endpoint(s) beneath base path '/admin/actuator'
2020-10-27 23:06:22.552 [RMI TCP Connection(2)-127.0.0.1] INFO  o.s.web.servlet.DispatcherServlet - Completed initialization in 64 ms
2020-10-27 23:06:22.579 [restartedMain] INFO  c.m.b.SprinBootAppConfiguration - @@@ application initialization completed
2020-10-27 23:06:22.679 [restartedMain] INFO  o.s.b.w.e.tomcat.TomcatWebServer - Tomcat started on port(s): 9034 (http) with context path ''
2020-10-27 23:06:23.116 [restartedMain] INFO  o.s.d.r.c.DeferredRepositoryInitializationListener - Triggering deferred initialization of Spring Data repositories…
2020-10-27 23:06:23.217 [restartedMain] INFO  o.s.d.r.c.DeferredRepositoryInitializationListener - Spring Data repositories initialized!
2020-10-27 23:06:23.223 [restartedMain] INFO  com.my.binance.SpringBootAppStarter - Started SpringBootAppStarter in 11.556 seconds (JVM running for 12.795)
2020-10-27 23:07:28.537 [RMI TCP Connection(7)-127.0.0.1] INFO  o.s.b.a.SpringApplicationAdminMXBeanRegistrar$SpringApplicationAdmin - Application shutdown requested.
2020-10-27 23:07:28.567 [RMI TCP Connection(7)-127.0.0.1] INFO  o.a.catalina.core.StandardService - Stopping service [Tomcat]
2020-10-27 23:07:28.571 [RMI TCP Connection(7)-127.0.0.1] INFO  o.a.c.c.C.[Tomcat].[localhost].[/] - Destroying Spring FrameworkServlet 'dispatcherServlet'
2020-10-27 23:07:28.580 [RMI TCP Connection(7)-127.0.0.1] WARN  o.a.c.loader.WebappClassLoaderBase - The web application [ROOT] appears to have started a thread named [H2 TCP Server (tcp://192.168.2.1:56806)] but has failed to stop it. This is very likely to create a memory leak. Stack trace of thread:
 java.base@14.0.2/sun.nio.ch.Net.accept(Native Method)
 java.base@14.0.2/sun.nio.ch.NioSocketImpl.accept(NioSocketImpl.java:755)
 java.base@14.0.2/java.net.ServerSocket.implAccept(ServerSocket.java:684)
 java.base@14.0.2/java.net.ServerSocket.platformImplAccept(ServerSocket.java:650)
 java.base@14.0.2/java.net.ServerSocket.implAccept(ServerSocket.java:626)
 java.base@14.0.2/java.net.ServerSocket.implAccept(ServerSocket.java:583)
 java.base@14.0.2/java.net.ServerSocket.accept(ServerSocket.java:540)
 app//org.h2.server.TcpServer.listen(TcpServer.java:263)
 app//org.h2.tools.Server.run(Server.java:610)
 java.base@14.0.2/java.lang.Thread.run(Thread.java:832)
2020-10-27 23:07:28.581 [RMI TCP Connection(7)-127.0.0.1] WARN  o.a.c.loader.WebappClassLoaderBase - The web application [ROOT] appears to have started a thread named [MVStore background writer nio:E:/Proje/web/SpringBootMyBinanceApp/db/binancedb.mv.db] but has failed to stop it. This is very likely to create a memory leak. Stack trace of thread:
 java.base@14.0.2/java.lang.Object.wait(Native Method)
 app//org.h2.mvstore.MVStore$BackgroundWriterThread.run(MVStore.java:3283)
2020-10-27 23:07:28.582 [RMI TCP Connection(7)-127.0.0.1] WARN  o.a.c.loader.WebappClassLoaderBase - The web application [ROOT] appears to have started a thread named [HikariPool-1 housekeeper] but has failed to stop it. This is very likely to create a memory leak. Stack trace of thread:
 java.base@14.0.2/jdk.internal.misc.Unsafe.park(Native Method)
 java.base@14.0.2/java.util.concurrent.locks.LockSupport.parkNanos(LockSupport.java:252)
 java.base@14.0.2/java.util.concurrent.locks.AbstractQueuedSynchronizer$ConditionObject.awaitNanos(AbstractQueuedSynchronizer.java:1661)
 java.base@14.0.2/java.util.concurrent.ScheduledThreadPoolExecutor$DelayedWorkQueue.take(ScheduledThreadPoolExecutor.java:1182)
 java.base@14.0.2/java.util.concurrent.ScheduledThreadPoolExecutor$DelayedWorkQueue.take(ScheduledThreadPoolExecutor.java:899)
 java.base@14.0.2/java.util.concurrent.ThreadPoolExecutor.getTask(ThreadPoolExecutor.java:1056)
 java.base@14.0.2/java.util.concurrent.ThreadPoolExecutor.runWorker(ThreadPoolExecutor.java:1116)
 java.base@14.0.2/java.util.concurrent.ThreadPoolExecutor$Worker.run(ThreadPoolExecutor.java:630)
 java.base@14.0.2/java.lang.Thread.run(Thread.java:832)
2020-10-27 23:07:28.619 [RMI TCP Connection(7)-127.0.0.1] INFO  o.s.o.j.LocalContainerEntityManagerFactoryBean - Closing JPA EntityManagerFactory for persistence unit 'default'
2020-10-27 23:07:28.621 [RMI TCP Connection(7)-127.0.0.1] INFO  o.s.s.c.ThreadPoolTaskScheduler - Shutting down ExecutorService 'taskScheduler'
2020-10-27 23:07:28.622 [RMI TCP Connection(7)-127.0.0.1] INFO  o.s.s.c.ThreadPoolTaskExecutor - Shutting down ExecutorService 'applicationTaskExecutor'
2020-10-27 23:07:28.625 [RMI TCP Connection(7)-127.0.0.1] INFO  com.zaxxer.hikari.HikariDataSource - HikariPool-1 - Shutdown initiated...
2020-10-27 23:07:28.824 [RMI TCP Connection(7)-127.0.0.1] INFO  com.zaxxer.hikari.HikariDataSource - HikariPool-1 - Shutdown completed.
